

html
html -> head
html -> head -> meta
html -> head -> meta
html -> head -> meta
html -> head -> meta
html -> head -> link
html -> head -> link
html -> head -> link
html -> head -> link
html -> head -> script
html -> head -> script
html -> head -> script
html -> head -> script
html -> head -> script
html -> head -> script
html -> head -> script
html
html -> body -> div
html -> body -> div -> div
html -> body -> div -> div
html -> body -> div -> div
html -> body -> div
html -> body -> div -> div
html -> body -> div -> div
html -> body -> div -> div -> ul -> li
html -> body -> div -> div -> ul -> li
html -> body -> div -> div -> ul -> li -> ul
html -> body -> div -> div -> ul -> li -> ul -> li -> a
html -> body -> div -> div -> ul -> li -> ul -> li -> a -> img
html -> body -> div -> div -> ul -> li -> ul -> li
html -> body -> div -> div -> ul -> li -> ul -> li -> ul
html -> body -> div -> div -> ul -> li -> ul -> li -> ul -> li -> a
html -> body -> div -> div -> ul -> li -> ul -> li -> ul -> li -> a -> img
html -> body -> div -> div -> ul
html -> body -> div -> div -> ul -> li -> div
html -> body -> div -> div -> ul -> li -> div -> div
html -> body -> div -> div -> ul -> li -> div -> div -> form
html -> body -> div -> div -> ul -> li -> div -> div -> form -> input
html -> body -> div -> div -> ul -> li -> div -> div -> form -> input
html -> body -> div -> div -> ul -> li -> div -> div -> form -> div
html -> body -> div -> div -> ul -> li -> div -> div -> form -> div
html -> body -> div -> div -> ul -> li -> div -> div -> form -> div
html -> body -> div -> div -> ul -> li -> div -> div
html -> body -> div -> div -> ul
html -> body -> div -> div -> ul
html -> body -> div -> div -> ul
html -> body -> div -> div -> ul
html -> body -> div -> div -> ul
html -> body -> div -> div -> ul
html -> body -> div -> div -> ul
html -> body -> div -> div -> ul
html -> body -> div -> div -> ul
html -> body -> div -> div -> ul
html -> body -> div -> div -> ul
html -> body -> div -> div -> ul
html -> body -> div -> div
html -> body
html -> body
html -> body
html -> body
html -> body
html -> body
html -> body
html -> body
html -> body
html -> body
html -> body
html -> body
html -> body
html -> body
html -> body
html -> body
html -> body
html -> body
html -> body
html -> body
html -> body
html -> body
html -> body
html -> body
html -> body
html -> body
html -> body
html -> body
html -> body
html -> body
html -> body
html -> body
html -> body
html -> body
html -> body
html -> body
html -> body
html -> body
html -> body
html -> body
html -> body
html -> body
html -> body
html -> body
html -> body
html -> body
html -> body
html -> body
html -> body
html -> body
html -> body
html -> body
html -> body
html -> body
html -> body
html -> body
html -> body
html -> body
html -> body
html -> body
html -> body
html -> body
html -> body
html -> body
html -> body
html -> body
html -> body
html -> body
html -> body
html -> body
html -> body
html -> body
html -> body
html -> body
html -> body
html -> body
html -> body
html -> body
html -> body
html -> body
html -> body
html -> body
html -> body
html -> body
html -> body
html -> body
html -> body
html -> body
html -> body
html -> body
html -> body
html -> body
html -> body
html -> body
html -> body
html -> body
html -> body
html -> body
html -> body
html -> body
html -> body
html -> body
html -> body
html -> body
html -> body
html -> body
html -> body
html -> body
html -> body
html -> body
html -> body
html -> body
html -> body
html -> body
html -> body
html -> body
html -> body
html -> body
html -> body
html -> body
html -> body
html -> body
html -> body
html -> body
html -> body
html -> body
html -> body
html -> body
html -> body
html -> body
html -> body
html -> body
html -> body
html -> body
html -> body
html -> body
html -> body
html -> body
html -> body
html -> body
html -> body
html -> body
html -> body
html -> body
html -> body
html -> body
html -> body
html -> body
html -> body
html -> body
html -> body
html -> body
html -> body
html -> body
html -> body
html -> body
html -> body
html -> body
html -> body
html -> body
html -> body
html -> body
html -> body
html -> body
html -> body
html -> body
html -> body
html -> body
html -> body
html -> body
html -> body
html -> body
html -> body
html -> body
html -> body
html -> body
html -> body
html -> body
html -> body
html -> body
html -> body
html -> body
html -> body
html -> body
html -> body
html -> body
html -> body
html -> body
html -> body
html -> body
html -> body
html -> body
html -> body
html -> body
html -> body
html -> body
html -> body
html -> body
html -> body
html -> body
html -> body
html -> body
html -> body
html -> body
html -> body
html -> body
html -> body
html -> body
html -> body
html -> body
html -> body
html -> body
html -> body
html -> body
html -> body
html -> body
html -> body
html -> body
html -> body
html -> body
html -> body
html -> body
html -> body
html -> body
html -> body
html -> body
html -> body
html -> body
html -> body
html -> body
html -> body
html -> body
html -> body
html -> body
html -> body
html -> body
html -> body
html -> body
html -> body
html -> body
html -> body
html -> body
html -> body
html -> body
html -> body
html -> body
html -> body
html -> body
html -> body
html -> body
html -> body
html -> body
html -> body
html -> body
html -> body
html -> body
html -> body
html -> body
html -> body
html -> body
html -> body
html -> body
html -> body
html -> body
html -> body
html -> body
html -> body
html -> body
html -> body
html -> body
html -> body
html -> body
html -> body
html -> body
html -> body
html -> body
html -> body
html -> body
html -> body
html -> body
html -> body
html -> body
html -> body
html -> body
html -> body
html -> body
html -> body
html -> body
html -> body
html -> body
html -> body
html -> body
html -> body
html -> body
html -> body
html -> body
html -> body
html -> body
html -> body
html -> body
html -> body
html -> body
html -> body
html -> body
html -> body
html -> body
html -> body
html -> body
html -> body
html -> body
html -> body
html -> body
html -> body
html -> body
html -> body
html -> body
html -> body
html -> body
html -> body
html -> body
html -> body
html -> body
html -> body
html -> body
html -> body
html -> body
html -> body
html -> body
html -> body
html -> body
html -> body
html -> body
